<?xml version="1.0" encoding="UTF-8"?>
<testng-results ignored="0" total="9" passed="5" failed="4" skipped="0">
  <reporter-output>
  </reporter-output>
  <suite started-at="2026-03-30T23:59:51 IST" name="AutomationExerciseSuite" finished-at="2026-03-31T00:03:47 IST" duration-ms="236191">
    <groups>
    </groups>
    <test started-at="2026-03-30T23:59:51 IST" name="Signup Test" finished-at="2026-03-31T00:00:59 IST" duration-ms="68128">
      <class name="com.srm.tests.SignupTest">
        <test-method is-config="true" signature="setUp()[pri:0, instance:com.srm.tests.SignupTest@77c2494c]" started-at="2026-03-30T23:59:53 IST" name="setUp" finished-at="2026-03-31T00:00:01 IST" duration-ms="8934" status="PASS">
          <reporter-output>
          </reporter-output>
        </test-method> <!-- setUp -->
        <test-method signature="signupTest(java.lang.String,java.lang.String,java.lang.String,java.lang.String,java.lang.String,java.lang.String,java.lang.String,java.lang.String,java.lang.String,java.lang.String,java.lang.String,java.lang.String,java.lang.String,java.lang.String)[pri:0, instance:com.srm.tests.SignupTest@77c2494c]" started-at="2026-03-31T00:00:01 IST" name="signupTest" data-provider="signupData" finished-at="2026-03-31T00:00:19 IST" duration-ms="18001" status="FAIL">
          <params>
            <param index="0">
              <value>
                <![CDATA[Deepika]]>
              </value>
            </param>
            <param index="1">
              <value>
                <![CDATA[Doe]]>
              </value>
            </param>
            <param index="2">
              <value>
                <![CDATA[Mrs]]>
              </value>
            </param>
            <param index="3">
              <value>
                <![CDATA[10]]>
              </value>
            </param>
            <param index="4">
              <value>
                <![CDATA[May]]>
              </value>
            </param>
            <param index="5">
              <value>
                <![CDATA[2004]]>
              </value>
            </param>
            <param index="6">
              <value>
                <![CDATA[deepika072@gmail.com]]>
              </value>
            </param>
            <param index="7">
              <value>
                <![CDATA[123456]]>
              </value>
            </param>
            <param index="8">
              <value>
                <![CDATA[SRM]]>
              </value>
            </param>
            <param index="9">
              <value>
                <![CDATA[street 1]]>
              </value>
            </param>
            <param index="10">
              <value>
                <![CDATA[guntur]]>
              </value>
            </param>
            <param index="11">
              <value>
                <![CDATA[Andhra Pradesh]]>
              </value>
            </param>
            <param index="12">
              <value>
                <![CDATA[542201]]>
              </value>
            </param>
            <param index="13">
              <value>
                <![CDATA[2147483647]]>
              </value>
            </param>
          </params>
          <exception class="org.openqa.selenium.NoSuchElementException">
            <message>
              <![CDATA[no such element: Unable to locate element: {"method":"css selector","selector":"#id_gender2"}
  (Session info: chrome=146.0.7680.165)
For documentation on this error, please visit: https://www.selenium.dev/documentation/webdriver/troubleshooting/errors#nosuchelementexception
Build info: version: '4.41.0', revision: '9fc754f'
System info: os.name: 'Windows 11', os.arch: 'amd64', os.version: '10.0', java.version: '21.0.10'
Driver info: org.openqa.selenium.chrome.ChromeDriver
Command: [3b35decff359186c18566189bdb627e1, findElement {using=id, value=id_gender2}]
Capabilities {acceptInsecureCerts: false, browserName: chrome, browserVersion: 146.0.7680.165, chrome: {chromedriverVersion: 146.0.7680.165 (4b989da09e1..., userDataDir: C:\Users\Deepika\AppData\Lo...}, fedcm:accounts: true, goog:chromeOptions: {debuggerAddress: localhost:61627}, goog:processID: 7988, networkConnectionEnabled: false, pageLoadStrategy: normal, platformName: windows, proxy: Proxy(), se:cdp: ws://localhost:61627/devtoo..., se:cdpVersion: 146.0.7680.165, setWindowRect: true, strictFileInteractability: false, timeouts: {implicit: 0, pageLoad: 300000, script: 30000}, unhandledPromptBehavior: dismiss and notify, webauthn:extension:credBlob: true, webauthn:extension:largeBlob: true, webauthn:extension:minPinLength: true, webauthn:extension:prf: true, webauthn:virtualAuthenticators: true}
Session ID: 3b35decff359186c18566189bdb627e1]]>
            </message>
            <full-stacktrace>
              <![CDATA[org.openqa.selenium.NoSuchElementException: no such element: Unable to locate element: {"method":"css selector","selector":"#id_gender2"}
  (Session info: chrome=146.0.7680.165)
For documentation on this error, please visit: https://www.selenium.dev/documentation/webdriver/troubleshooting/errors#nosuchelementexception
Build info: version: '4.41.0', revision: '9fc754f'
System info: os.name: 'Windows 11', os.arch: 'amd64', os.version: '10.0', java.version: '21.0.10'
Driver info: org.openqa.selenium.chrome.ChromeDriver
Command: [3b35decff359186c18566189bdb627e1, findElement {using=id, value=id_gender2}]
Capabilities {acceptInsecureCerts: false, browserName: chrome, browserVersion: 146.0.7680.165, chrome: {chromedriverVersion: 146.0.7680.165 (4b989da09e1..., userDataDir: C:\Users\Deepika\AppData\Lo...}, fedcm:accounts: true, goog:chromeOptions: {debuggerAddress: localhost:61627}, goog:processID: 7988, networkConnectionEnabled: false, pageLoadStrategy: normal, platformName: windows, proxy: Proxy(), se:cdp: ws://localhost:61627/devtoo..., se:cdpVersion: 146.0.7680.165, setWindowRect: true, strictFileInteractability: false, timeouts: {implicit: 0, pageLoad: 300000, script: 30000}, unhandledPromptBehavior: dismiss and notify, webauthn:extension:credBlob: true, webauthn:extension:largeBlob: true, webauthn:extension:minPinLength: true, webauthn:extension:prf: true, webauthn:virtualAuthenticators: true}
Session ID: 3b35decff359186c18566189bdb627e1
at org.openqa.selenium.remote.ErrorCodec.decode(ErrorCodec.java:169)
at org.openqa.selenium.remote.codec.w3c.W3CHttpResponseCodec.decode(W3CHttpResponseCodec.java:142)
at org.openqa.selenium.remote.codec.w3c.W3CHttpResponseCodec.decode(W3CHttpResponseCodec.java:49)
at org.openqa.selenium.remote.HttpCommandExecutor.execute(HttpCommandExecutor.java:223)
at org.openqa.selenium.remote.service.DriverCommandExecutor.invokeExecute(DriverCommandExecutor.java:216)
at org.openqa.selenium.remote.service.DriverCommandExecutor.execute(DriverCommandExecutor.java:174)
at org.openqa.selenium.remote.RemoteWebDriver.execute(RemoteWebDriver.java:604)
at org.openqa.selenium.remote.ElementLocation$ElementFinder$2.findElement(ElementLocation.java:166)
at org.openqa.selenium.remote.ElementLocation.findElement(ElementLocation.java:67)
at org.openqa.selenium.remote.RemoteWebDriver.findElement(RemoteWebDriver.java:427)
at org.openqa.selenium.remote.RemoteWebDriver.findElement(RemoteWebDriver.java:421)
at com.srm.pages.SignupPage.fillAccountInfo(SignupPage.java:49)
at com.srm.tests.SignupTest.signupTest(SignupTest.java:28)
at java.base/jdk.internal.reflect.DirectMethodHandleAccessor.invoke(DirectMethodHandleAccessor.java:103)
at java.base/java.lang.reflect.Method.invoke(Method.java:580)
at org.testng.internal.invokers.MethodInvocationHelper.invokeMethod(MethodInvocationHelper.java:141)
at org.testng.internal.invokers.TestInvoker.invokeMethod(TestInvoker.java:687)
at org.testng.internal.invokers.TestInvoker.invokeTestMethod(TestInvoker.java:230)
at org.testng.internal.invokers.MethodRunner.runInSequence(MethodRunner.java:63)
at org.testng.internal.invokers.TestInvoker$MethodInvocationAgent.invoke(TestInvoker.java:995)
at org.testng.internal.invokers.TestInvoker.invokeTestMethods(TestInvoker.java:203)
at org.testng.internal.invokers.TestMethodWorker.invokeTestMethods(TestMethodWorker.java:154)
at org.testng.internal.invokers.TestMethodWorker.run(TestMethodWorker.java:134)
at java.base/java.util.ArrayList.forEach(ArrayList.java:1596)
at org.testng.TestRunner.privateRun(TestRunner.java:741)
at org.testng.TestRunner.run(TestRunner.java:616)
at org.testng.SuiteRunner.runTest(SuiteRunner.java:421)
at org.testng.SuiteRunner.runSequentially(SuiteRunner.java:413)
at org.testng.SuiteRunner.privateRun(SuiteRunner.java:373)
at org.testng.SuiteRunner.run(SuiteRunner.java:312)
at org.testng.SuiteRunnerWorker.runSuite(SuiteRunnerWorker.java:52)
at org.testng.SuiteRunnerWorker.run(SuiteRunnerWorker.java:95)
at org.testng.TestNG.runSuitesSequentially(TestNG.java:1274)
at org.testng.TestNG.runSuitesLocally(TestNG.java:1208)
at org.testng.TestNG.runSuites(TestNG.java:1112)
at org.testng.TestNG.run(TestNG.java:1079)
at org.testng.remote.AbstractRemoteTestNG.run(AbstractRemoteTestNG.java:115)
at org.testng.remote.RemoteTestNG.initAndRun(RemoteTestNG.java:293)
at org.testng.remote.RemoteTestNG.main(RemoteTestNG.java:91)
]]>
            </full-stacktrace>
          </exception> <!-- org.openqa.selenium.NoSuchElementException -->
          <reporter-output>
          </reporter-output>
        </test-method> <!-- signupTest -->
        <test-method is-config="true" signature="tearDown()[pri:0, instance:com.srm.tests.SignupTest@77c2494c]" started-at="2026-03-31T00:00:20 IST" name="tearDown" finished-at="2026-03-31T00:00:20 IST" duration-ms="659" status="PASS">
          <reporter-output>
          </reporter-output>
        </test-method> <!-- tearDown -->
        <test-method is-config="true" signature="setUp()[pri:0, instance:com.srm.tests.SignupTest@77c2494c]" started-at="2026-03-31T00:00:20 IST" name="setUp" finished-at="2026-03-31T00:00:27 IST" duration-ms="6773" status="PASS">
          <reporter-output>
          </reporter-output>
        </test-method> <!-- setUp -->
        <test-method signature="signupTest(java.lang.String,java.lang.String,java.lang.String,java.lang.String,java.lang.String,java.lang.String,java.lang.String,java.lang.String,java.lang.String,java.lang.String,java.lang.String,java.lang.String,java.lang.String,java.lang.String)[pri:0, instance:com.srm.tests.SignupTest@77c2494c]" started-at="2026-03-31T00:00:27 IST" name="signupTest" data-provider="signupData" finished-at="2026-03-31T00:00:41 IST" duration-ms="14021" status="PASS">
          <params>
            <param index="0">
              <value>
                <![CDATA[Varun]]>
              </value>
            </param>
            <param index="1">
              <value>
                <![CDATA[wath]]>
              </value>
            </param>
            <param index="2">
              <value>
                <![CDATA[Mr]]>
              </value>
            </param>
            <param index="3">
              <value>
                <![CDATA[16]]>
              </value>
            </param>
            <param index="4">
              <value>
                <![CDATA[June]]>
              </value>
            </param>
            <param index="5">
              <value>
                <![CDATA[2007]]>
              </value>
            </param>
            <param index="6">
              <value>
                <![CDATA[varunk@gmail.com]]>
              </value>
            </param>
            <param index="7">
              <value>
                <![CDATA[789456]]>
              </value>
            </param>
            <param index="8">
              <value>
                <![CDATA[KL]]>
              </value>
            </param>
            <param index="9">
              <value>
                <![CDATA[street 2]]>
              </value>
            </param>
            <param index="10">
              <value>
                <![CDATA[Vijayawada]]>
              </value>
            </param>
            <param index="11">
              <value>
                <![CDATA[Andhra Pradesh]]>
              </value>
            </param>
            <param index="12">
              <value>
                <![CDATA[544203]]>
              </value>
            </param>
            <param index="13">
              <value>
                <![CDATA[1236985478]]>
              </value>
            </param>
          </params>
          <reporter-output>
          </reporter-output>
        </test-method> <!-- signupTest -->
        <test-method is-config="true" signature="tearDown()[pri:0, instance:com.srm.tests.SignupTest@77c2494c]" started-at="2026-03-31T00:00:42 IST" name="tearDown" finished-at="2026-03-31T00:00:42 IST" duration-ms="510" status="PASS">
          <reporter-output>
          </reporter-output>
        </test-method> <!-- tearDown -->
        <test-method is-config="true" signature="setUp()[pri:0, instance:com.srm.tests.SignupTest@77c2494c]" started-at="2026-03-31T00:00:42 IST" name="setUp" finished-at="2026-03-31T00:00:48 IST" duration-ms="5871" status="PASS">
          <reporter-output>
          </reporter-output>
        </test-method> <!-- setUp -->
        <test-method signature="signupTest(java.lang.String,java.lang.String,java.lang.String,java.lang.String,java.lang.String,java.lang.String,java.lang.String,java.lang.String,java.lang.String,java.lang.String,java.lang.String,java.lang.String,java.lang.String,java.lang.String)[pri:0, instance:com.srm.tests.SignupTest@77c2494c]" started-at="2026-03-31T00:00:48 IST" name="signupTest" data-provider="signupData" finished-at="2026-03-31T00:00:58 IST" duration-ms="10252" status="FAIL">
          <params>
            <param index="0">
              <value>
                <![CDATA[Chaitali]]>
              </value>
            </param>
            <param index="1">
              <value>
                <![CDATA[das]]>
              </value>
            </param>
            <param index="2">
              <value>
                <![CDATA[Mrs]]>
              </value>
            </param>
            <param index="3">
              <value>
                <![CDATA[2]]>
              </value>
            </param>
            <param index="4">
              <value>
                <![CDATA[July]]>
              </value>
            </param>
            <param index="5">
              <value>
                <![CDATA[2009]]>
              </value>
            </param>
            <param index="6">
              <value>
                <![CDATA[chaitaliL@gmail.com]]>
              </value>
            </param>
            <param index="7">
              <value>
                <![CDATA[20605]]>
              </value>
            </param>
            <param index="8">
              <value>
                <![CDATA[LM]]>
              </value>
            </param>
            <param index="9">
              <value>
                <![CDATA[street 1]]>
              </value>
            </param>
            <param index="10">
              <value>
                <![CDATA[Vizag]]>
              </value>
            </param>
            <param index="11">
              <value>
                <![CDATA[Andhra Pradesh]]>
              </value>
            </param>
            <param index="12">
              <value>
                <![CDATA[500762]]>
              </value>
            </param>
            <param index="13">
              <value>
                <![CDATA[2147483647]]>
              </value>
            </param>
          </params>
          <exception class="org.openqa.selenium.ElementClickInterceptedException">
            <message>
              <![CDATA[element click intercepted: Element <button type="submit" data-qa="create-account" class="btn btn-default">...</button> is not clickable at point (360, 557). Other element would receive the click: <iframe id="aswift_2" name="aswift_2" style="min-height: auto; max-height: none; min-width: auto; max-width: none; width: 1005px !important; height: 124px !important; display: block; margin: 0px auto;" sandbox="allow-forms allow-popups allow-popups-to-escape-sandbox allow-same-origin allow-scripts allow-top-navigation-by-user-activation" width="1005" height="124" frameborder="0" marginwidth="0" marginheight="0" vspace="0" hspace="0" allowtransparency="true" scrolling="no" allow="attribution-reporting; run-ad-auction" src="https://googleads.g.doubleclick.net/pagead/html/r20260326/r20190131/zrt_lookup_fy2021.html#RS-1-&amp;adk=1812271801&amp;client=ca-pub-1677597403311019&amp;fa=1&amp;ifi=3&amp;uci=a!3&amp;btvi=1" data-google-container-id="a!3" tabindex="0" title="Advertisement" aria-label="Advertisement" data-google-query-id="CNrLkemgyJMDFYWfSwUdIwkQzA" data-load-complete="true"></iframe>
  (Session info: chrome=146.0.7680.165)
Build info: version: '4.41.0', revision: '9fc754f'
System info: os.name: 'Windows 11', os.arch: 'amd64', os.version: '10.0', java.version: '21.0.10'
Driver info: org.openqa.selenium.chrome.ChromeDriver
Command: [230d27115abff1d548ca49a355a1f880, clickElement {id=f.97F567E9E387147618B38AFD583AD007.d.3C7B8BD96CB0514E2BC24B9C6CC3633F.e.119}]
Capabilities {acceptInsecureCerts: false, browserName: chrome, browserVersion: 146.0.7680.165, chrome: {chromedriverVersion: 146.0.7680.165 (4b989da09e1..., userDataDir: C:\Users\Deepika\AppData\Lo...}, fedcm:accounts: true, goog:chromeOptions: {debuggerAddress: localhost:59459}, goog:processID: 23700, networkConnectionEnabled: false, pageLoadStrategy: normal, platformName: windows, proxy: Proxy(), se:cdp: ws://localhost:59459/devtoo..., se:cdpVersion: 146.0.7680.165, setWindowRect: true, strictFileInteractability: false, timeouts: {implicit: 0, pageLoad: 300000, script: 30000}, unhandledPromptBehavior: dismiss and notify, webauthn:extension:credBlob: true, webauthn:extension:largeBlob: true, webauthn:extension:minPinLength: true, webauthn:extension:prf: true, webauthn:virtualAuthenticators: true}
Element: [[ChromeDriver: chrome on windows (230d27115abff1d548ca49a355a1f880)] -> xpath: //button[@data-qa='create-account']]
Session ID: 230d27115abff1d548ca49a355a1f880]]>
            </message>
            <full-stacktrace>
              <![CDATA[org.openqa.selenium.ElementClickInterceptedException: element click intercepted: Element <button type="submit" data-qa="create-account" class="btn btn-default">...</button> is not clickable at point (360, 557). Other element would receive the click: <iframe id="aswift_2" name="aswift_2" style="min-height: auto; max-height: none; min-width: auto; max-width: none; width: 1005px !important; height: 124px !important; display: block; margin: 0px auto;" sandbox="allow-forms allow-popups allow-popups-to-escape-sandbox allow-same-origin allow-scripts allow-top-navigation-by-user-activation" width="1005" height="124" frameborder="0" marginwidth="0" marginheight="0" vspace="0" hspace="0" allowtransparency="true" scrolling="no" allow="attribution-reporting; run-ad-auction" src="https://googleads.g.doubleclick.net/pagead/html/r20260326/r20190131/zrt_lookup_fy2021.html#RS-1-&amp;adk=1812271801&amp;client=ca-pub-1677597403311019&amp;fa=1&amp;ifi=3&amp;uci=a!3&amp;btvi=1" data-google-container-id="a!3" tabindex="0" title="Advertisement" aria-label="Advertisement" data-google-query-id="CNrLkemgyJMDFYWfSwUdIwkQzA" data-load-complete="true"></iframe>
  (Session info: chrome=146.0.7680.165)
Build info: version: '4.41.0', revision: '9fc754f'
System info: os.name: 'Windows 11', os.arch: 'amd64', os.version: '10.0', java.version: '21.0.10'
Driver info: org.openqa.selenium.chrome.ChromeDriver
Command: [230d27115abff1d548ca49a355a1f880, clickElement {id=f.97F567E9E387147618B38AFD583AD007.d.3C7B8BD96CB0514E2BC24B9C6CC3633F.e.119}]
Capabilities {acceptInsecureCerts: false, browserName: chrome, browserVersion: 146.0.7680.165, chrome: {chromedriverVersion: 146.0.7680.165 (4b989da09e1..., userDataDir: C:\Users\Deepika\AppData\Lo...}, fedcm:accounts: true, goog:chromeOptions: {debuggerAddress: localhost:59459}, goog:processID: 23700, networkConnectionEnabled: false, pageLoadStrategy: normal, platformName: windows, proxy: Proxy(), se:cdp: ws://localhost:59459/devtoo..., se:cdpVersion: 146.0.7680.165, setWindowRect: true, strictFileInteractability: false, timeouts: {implicit: 0, pageLoad: 300000, script: 30000}, unhandledPromptBehavior: dismiss and notify, webauthn:extension:credBlob: true, webauthn:extension:largeBlob: true, webauthn:extension:minPinLength: true, webauthn:extension:prf: true, webauthn:virtualAuthenticators: true}
Element: [[ChromeDriver: chrome on windows (230d27115abff1d548ca49a355a1f880)] -> xpath: //button[@data-qa='create-account']]
Session ID: 230d27115abff1d548ca49a355a1f880
at org.openqa.selenium.remote.ErrorCodec.decode(ErrorCodec.java:169)
at org.openqa.selenium.remote.codec.w3c.W3CHttpResponseCodec.decode(W3CHttpResponseCodec.java:142)
at org.openqa.selenium.remote.codec.w3c.W3CHttpResponseCodec.decode(W3CHttpResponseCodec.java:49)
at org.openqa.selenium.remote.HttpCommandExecutor.execute(HttpCommandExecutor.java:223)
at org.openqa.selenium.remote.service.DriverCommandExecutor.invokeExecute(DriverCommandExecutor.java:216)
at org.openqa.selenium.remote.service.DriverCommandExecutor.execute(DriverCommandExecutor.java:174)
at org.openqa.selenium.remote.RemoteWebDriver.execute(RemoteWebDriver.java:604)
at org.openqa.selenium.remote.RemoteWebElement.execute(RemoteWebElement.java:223)
at org.openqa.selenium.remote.RemoteWebElement.click(RemoteWebElement.java:76)
at com.srm.pages.SignupPage.clickCreateAccount(SignupPage.java:71)
at com.srm.tests.SignupTest.signupTest(SignupTest.java:33)
at java.base/jdk.internal.reflect.DirectMethodHandleAccessor.invoke(DirectMethodHandleAccessor.java:103)
at java.base/java.lang.reflect.Method.invoke(Method.java:580)
at org.testng.internal.invokers.MethodInvocationHelper.invokeMethod(MethodInvocationHelper.java:141)
at org.testng.internal.invokers.TestInvoker.invokeMethod(TestInvoker.java:687)
at org.testng.internal.invokers.TestInvoker.invokeTestMethod(TestInvoker.java:230)
at org.testng.internal.invokers.MethodRunner.runInSequence(MethodRunner.java:63)
at org.testng.internal.invokers.TestInvoker$MethodInvocationAgent.invoke(TestInvoker.java:995)
at org.testng.internal.invokers.TestInvoker.invokeTestMethods(TestInvoker.java:203)
at org.testng.internal.invokers.TestMethodWorker.invokeTestMethods(TestMethodWorker.java:154)
at org.testng.internal.invokers.TestMethodWorker.run(TestMethodWorker.java:134)
at java.base/java.util.ArrayList.forEach(ArrayList.java:1596)
at org.testng.TestRunner.privateRun(TestRunner.java:741)
at org.testng.TestRunner.run(TestRunner.java:616)
at org.testng.SuiteRunner.runTest(SuiteRunner.java:421)
at org.testng.SuiteRunner.runSequentially(SuiteRunner.java:413)
at org.testng.SuiteRunner.privateRun(SuiteRunner.java:373)
at org.testng.SuiteRunner.run(SuiteRunner.java:312)
at org.testng.SuiteRunnerWorker.runSuite(SuiteRunnerWorker.java:52)
at org.testng.SuiteRunnerWorker.run(SuiteRunnerWorker.java:95)
at org.testng.TestNG.runSuitesSequentially(TestNG.java:1274)
at org.testng.TestNG.runSuitesLocally(TestNG.java:1208)
at org.testng.TestNG.runSuites(TestNG.java:1112)
at org.testng.TestNG.run(TestNG.java:1079)
at org.testng.remote.AbstractRemoteTestNG.run(AbstractRemoteTestNG.java:115)
at org.testng.remote.RemoteTestNG.initAndRun(RemoteTestNG.java:293)
at org.testng.remote.RemoteTestNG.main(RemoteTestNG.java:91)
]]>
            </full-stacktrace>
          </exception> <!-- org.openqa.selenium.ElementClickInterceptedException -->
          <reporter-output>
          </reporter-output>
        </test-method> <!-- signupTest -->
        <test-method is-config="true" signature="tearDown()[pri:0, instance:com.srm.tests.SignupTest@77c2494c]" started-at="2026-03-31T00:00:59 IST" name="tearDown" finished-at="2026-03-31T00:00:59 IST" duration-ms="492" status="PASS">
          <reporter-output>
          </reporter-output>
        </test-method> <!-- tearDown -->
      </class> <!-- com.srm.tests.SignupTest -->
    </test> <!-- Signup Test -->
    <test started-at="2026-03-31T00:00:59 IST" name="Login Test" finished-at="2026-03-31T00:02:05 IST" duration-ms="66182">
      <class name="com.srm.tests.LoginTest">
        <test-method is-config="true" signature="setUp()[pri:0, instance:com.srm.tests.LoginTest@49e5f737]" started-at="2026-03-31T00:00:59 IST" name="setUp" finished-at="2026-03-31T00:01:05 IST" duration-ms="5389" status="PASS">
          <reporter-output>
          </reporter-output>
        </test-method> <!-- setUp -->
        <test-method signature="loginTest(java.lang.String,java.lang.String,java.lang.String,java.lang.String,java.lang.String,java.lang.String,java.lang.String,java.lang.String,java.lang.String,java.lang.String,java.lang.String,java.lang.String,java.lang.String,java.lang.String)[pri:0, instance:com.srm.tests.LoginTest@49e5f737]" started-at="2026-03-31T00:01:05 IST" name="loginTest" data-provider="signupData" finished-at="2026-03-31T00:01:17 IST" duration-ms="12409" status="PASS">
          <params>
            <param index="0">
              <value>
                <![CDATA[Deepika]]>
              </value>
            </param>
            <param index="1">
              <value>
                <![CDATA[Doe]]>
              </value>
            </param>
            <param index="2">
              <value>
                <![CDATA[Mrs]]>
              </value>
            </param>
            <param index="3">
              <value>
                <![CDATA[10]]>
              </value>
            </param>
            <param index="4">
              <value>
                <![CDATA[May]]>
              </value>
            </param>
            <param index="5">
              <value>
                <![CDATA[2004]]>
              </value>
            </param>
            <param index="6">
              <value>
                <![CDATA[deepika072@gmail.com]]>
              </value>
            </param>
            <param index="7">
              <value>
                <![CDATA[123456]]>
              </value>
            </param>
            <param index="8">
              <value>
                <![CDATA[SRM]]>
              </value>
            </param>
            <param index="9">
              <value>
                <![CDATA[street 1]]>
              </value>
            </param>
            <param index="10">
              <value>
                <![CDATA[guntur]]>
              </value>
            </param>
            <param index="11">
              <value>
                <![CDATA[Andhra Pradesh]]>
              </value>
            </param>
            <param index="12">
              <value>
                <![CDATA[542201]]>
              </value>
            </param>
            <param index="13">
              <value>
                <![CDATA[2147483647]]>
              </value>
            </param>
          </params>
          <reporter-output>
          </reporter-output>
        </test-method> <!-- loginTest -->
        <test-method is-config="true" signature="tearDown()[pri:0, instance:com.srm.tests.LoginTest@49e5f737]" started-at="2026-03-31T00:01:17 IST" name="tearDown" finished-at="2026-03-31T00:01:18 IST" duration-ms="455" status="PASS">
          <reporter-output>
          </reporter-output>
        </test-method> <!-- tearDown -->
        <test-method is-config="true" signature="setUp()[pri:0, instance:com.srm.tests.LoginTest@49e5f737]" started-at="2026-03-31T00:01:18 IST" name="setUp" finished-at="2026-03-31T00:01:23 IST" duration-ms="4968" status="PASS">
          <reporter-output>
          </reporter-output>
        </test-method> <!-- setUp -->
        <test-method signature="loginTest(java.lang.String,java.lang.String,java.lang.String,java.lang.String,java.lang.String,java.lang.String,java.lang.String,java.lang.String,java.lang.String,java.lang.String,java.lang.String,java.lang.String,java.lang.String,java.lang.String)[pri:0, instance:com.srm.tests.LoginTest@49e5f737]" started-at="2026-03-31T00:01:23 IST" name="loginTest" data-provider="signupData" finished-at="2026-03-31T00:01:38 IST" duration-ms="15176" status="FAIL">
          <params>
            <param index="0">
              <value>
                <![CDATA[Varun]]>
              </value>
            </param>
            <param index="1">
              <value>
                <![CDATA[wath]]>
              </value>
            </param>
            <param index="2">
              <value>
                <![CDATA[Mr]]>
              </value>
            </param>
            <param index="3">
              <value>
                <![CDATA[16]]>
              </value>
            </param>
            <param index="4">
              <value>
                <![CDATA[June]]>
              </value>
            </param>
            <param index="5">
              <value>
                <![CDATA[2007]]>
              </value>
            </param>
            <param index="6">
              <value>
                <![CDATA[varunk@gmail.com]]>
              </value>
            </param>
            <param index="7">
              <value>
                <![CDATA[789456]]>
              </value>
            </param>
            <param index="8">
              <value>
                <![CDATA[KL]]>
              </value>
            </param>
            <param index="9">
              <value>
                <![CDATA[street 2]]>
              </value>
            </param>
            <param index="10">
              <value>
                <![CDATA[Vijayawada]]>
              </value>
            </param>
            <param index="11">
              <value>
                <![CDATA[Andhra Pradesh]]>
              </value>
            </param>
            <param index="12">
              <value>
                <![CDATA[544203]]>
              </value>
            </param>
            <param index="13">
              <value>
                <![CDATA[1236985478]]>
              </value>
            </param>
          </params>
          <exception class="org.openqa.selenium.NoSuchElementException">
            <message>
              <![CDATA[no such element: Unable to locate element: {"method":"xpath","selector":"//a[contains(text(),'Logged in as')]"}
  (Session info: chrome=146.0.7680.165)
For documentation on this error, please visit: https://www.selenium.dev/documentation/webdriver/troubleshooting/errors#nosuchelementexception
Build info: version: '4.41.0', revision: '9fc754f'
System info: os.name: 'Windows 11', os.arch: 'amd64', os.version: '10.0', java.version: '21.0.10'
Driver info: org.openqa.selenium.chrome.ChromeDriver
Command: [1b2a17dc3bacc86818cecdc97485a846, findElement {using=xpath, value=//a[contains(text(),'Logged in as')]}]
Capabilities {acceptInsecureCerts: false, browserName: chrome, browserVersion: 146.0.7680.165, chrome: {chromedriverVersion: 146.0.7680.165 (4b989da09e1..., userDataDir: C:\Users\Deepika\AppData\Lo...}, fedcm:accounts: true, goog:chromeOptions: {debuggerAddress: localhost:52883}, goog:processID: 26880, networkConnectionEnabled: false, pageLoadStrategy: normal, platformName: windows, proxy: Proxy(), se:cdp: ws://localhost:52883/devtoo..., se:cdpVersion: 146.0.7680.165, setWindowRect: true, strictFileInteractability: false, timeouts: {implicit: 0, pageLoad: 300000, script: 30000}, unhandledPromptBehavior: dismiss and notify, webauthn:extension:credBlob: true, webauthn:extension:largeBlob: true, webauthn:extension:minPinLength: true, webauthn:extension:prf: true, webauthn:virtualAuthenticators: true}
Session ID: 1b2a17dc3bacc86818cecdc97485a846]]>
            </message>
            <full-stacktrace>
              <![CDATA[org.openqa.selenium.NoSuchElementException: no such element: Unable to locate element: {"method":"xpath","selector":"//a[contains(text(),'Logged in as')]"}
  (Session info: chrome=146.0.7680.165)
For documentation on this error, please visit: https://www.selenium.dev/documentation/webdriver/troubleshooting/errors#nosuchelementexception
Build info: version: '4.41.0', revision: '9fc754f'
System info: os.name: 'Windows 11', os.arch: 'amd64', os.version: '10.0', java.version: '21.0.10'
Driver info: org.openqa.selenium.chrome.ChromeDriver
Command: [1b2a17dc3bacc86818cecdc97485a846, findElement {using=xpath, value=//a[contains(text(),'Logged in as')]}]
Capabilities {acceptInsecureCerts: false, browserName: chrome, browserVersion: 146.0.7680.165, chrome: {chromedriverVersion: 146.0.7680.165 (4b989da09e1..., userDataDir: C:\Users\Deepika\AppData\Lo...}, fedcm:accounts: true, goog:chromeOptions: {debuggerAddress: localhost:52883}, goog:processID: 26880, networkConnectionEnabled: false, pageLoadStrategy: normal, platformName: windows, proxy: Proxy(), se:cdp: ws://localhost:52883/devtoo..., se:cdpVersion: 146.0.7680.165, setWindowRect: true, strictFileInteractability: false, timeouts: {implicit: 0, pageLoad: 300000, script: 30000}, unhandledPromptBehavior: dismiss and notify, webauthn:extension:credBlob: true, webauthn:extension:largeBlob: true, webauthn:extension:minPinLength: true, webauthn:extension:prf: true, webauthn:virtualAuthenticators: true}
Session ID: 1b2a17dc3bacc86818cecdc97485a846
at org.openqa.selenium.remote.ErrorCodec.decode(ErrorCodec.java:169)
at org.openqa.selenium.remote.codec.w3c.W3CHttpResponseCodec.decode(W3CHttpResponseCodec.java:142)
at org.openqa.selenium.remote.codec.w3c.W3CHttpResponseCodec.decode(W3CHttpResponseCodec.java:49)
at org.openqa.selenium.remote.HttpCommandExecutor.execute(HttpCommandExecutor.java:223)
at org.openqa.selenium.remote.service.DriverCommandExecutor.invokeExecute(DriverCommandExecutor.java:216)
at org.openqa.selenium.remote.service.DriverCommandExecutor.execute(DriverCommandExecutor.java:174)
at org.openqa.selenium.remote.RemoteWebDriver.execute(RemoteWebDriver.java:604)
at org.openqa.selenium.remote.ElementLocation$ElementFinder$2.findElement(ElementLocation.java:166)
at org.openqa.selenium.remote.ElementLocation.findElement(ElementLocation.java:60)
at org.openqa.selenium.remote.RemoteWebDriver.findElement(RemoteWebDriver.java:427)
at org.openqa.selenium.remote.RemoteWebDriver.findElement(RemoteWebDriver.java:421)
at com.srm.pages.LoginPage.isLoggedIn(LoginPage.java:45)
at com.srm.tests.LoginTest.loginTest(LoginTest.java:24)
at java.base/jdk.internal.reflect.DirectMethodHandleAccessor.invoke(DirectMethodHandleAccessor.java:103)
at java.base/java.lang.reflect.Method.invoke(Method.java:580)
at org.testng.internal.invokers.MethodInvocationHelper.invokeMethod(MethodInvocationHelper.java:141)
at org.testng.internal.invokers.TestInvoker.invokeMethod(TestInvoker.java:687)
at org.testng.internal.invokers.TestInvoker.invokeTestMethod(TestInvoker.java:230)
at org.testng.internal.invokers.MethodRunner.runInSequence(MethodRunner.java:63)
at org.testng.internal.invokers.TestInvoker$MethodInvocationAgent.invoke(TestInvoker.java:995)
at org.testng.internal.invokers.TestInvoker.invokeTestMethods(TestInvoker.java:203)
at org.testng.internal.invokers.TestMethodWorker.invokeTestMethods(TestMethodWorker.java:154)
at org.testng.internal.invokers.TestMethodWorker.run(TestMethodWorker.java:134)
at java.base/java.util.ArrayList.forEach(ArrayList.java:1596)
at org.testng.TestRunner.privateRun(TestRunner.java:741)
at org.testng.TestRunner.run(TestRunner.java:616)
at org.testng.SuiteRunner.runTest(SuiteRunner.java:421)
at org.testng.SuiteRunner.runSequentially(SuiteRunner.java:413)
at org.testng.SuiteRunner.privateRun(SuiteRunner.java:373)
at org.testng.SuiteRunner.run(SuiteRunner.java:312)
at org.testng.SuiteRunnerWorker.runSuite(SuiteRunnerWorker.java:52)
at org.testng.SuiteRunnerWorker.run(SuiteRunnerWorker.java:95)
at org.testng.TestNG.runSuitesSequentially(TestNG.java:1274)
at org.testng.TestNG.runSuitesLocally(TestNG.java:1208)
at org.testng.TestNG.runSuites(TestNG.java:1112)
at org.testng.TestNG.run(TestNG.java:1079)
at org.testng.remote.AbstractRemoteTestNG.run(AbstractRemoteTestNG.java:115)
at org.testng.remote.RemoteTestNG.initAndRun(RemoteTestNG.java:293)
at org.testng.remote.RemoteTestNG.main(RemoteTestNG.java:91)
]]>
            </full-stacktrace>
          </exception> <!-- org.openqa.selenium.NoSuchElementException -->
          <reporter-output>
          </reporter-output>
        </test-method> <!-- loginTest -->
        <test-method is-config="true" signature="tearDown()[pri:0, instance:com.srm.tests.LoginTest@49e5f737]" started-at="2026-03-31T00:01:38 IST" name="tearDown" finished-at="2026-03-31T00:01:39 IST" duration-ms="408" status="PASS">
          <reporter-output>
          </reporter-output>
        </test-method> <!-- tearDown -->
        <test-method is-config="true" signature="setUp()[pri:0, instance:com.srm.tests.LoginTest@49e5f737]" started-at="2026-03-31T00:01:39 IST" name="setUp" finished-at="2026-03-31T00:01:46 IST" duration-ms="7411" status="PASS">
          <reporter-output>
          </reporter-output>
        </test-method> <!-- setUp -->
        <test-method signature="loginTest(java.lang.String,java.lang.String,java.lang.String,java.lang.String,java.lang.String,java.lang.String,java.lang.String,java.lang.String,java.lang.String,java.lang.String,java.lang.String,java.lang.String,java.lang.String,java.lang.String)[pri:0, instance:com.srm.tests.LoginTest@49e5f737]" started-at="2026-03-31T00:01:46 IST" name="loginTest" data-provider="signupData" finished-at="2026-03-31T00:02:05 IST" duration-ms="18628" status="FAIL">
          <params>
            <param index="0">
              <value>
                <![CDATA[Chaitali]]>
              </value>
            </param>
            <param index="1">
              <value>
                <![CDATA[das]]>
              </value>
            </param>
            <param index="2">
              <value>
                <![CDATA[Mrs]]>
              </value>
            </param>
            <param index="3">
              <value>
                <![CDATA[2]]>
              </value>
            </param>
            <param index="4">
              <value>
                <![CDATA[July]]>
              </value>
            </param>
            <param index="5">
              <value>
                <![CDATA[2009]]>
              </value>
            </param>
            <param index="6">
              <value>
                <![CDATA[chaitaliL@gmail.com]]>
              </value>
            </param>
            <param index="7">
              <value>
                <![CDATA[20605]]>
              </value>
            </param>
            <param index="8">
              <value>
                <![CDATA[LM]]>
              </value>
            </param>
            <param index="9">
              <value>
                <![CDATA[street 1]]>
              </value>
            </param>
            <param index="10">
              <value>
                <![CDATA[Vizag]]>
              </value>
            </param>
            <param index="11">
              <value>
                <![CDATA[Andhra Pradesh]]>
              </value>
            </param>
            <param index="12">
              <value>
                <![CDATA[500762]]>
              </value>
            </param>
            <param index="13">
              <value>
                <![CDATA[2147483647]]>
              </value>
            </param>
          </params>
          <exception class="org.openqa.selenium.NoSuchElementException">
            <message>
              <![CDATA[no such element: Unable to locate element: {"method":"xpath","selector":"//a[contains(text(),'Logged in as')]"}
  (Session info: chrome=146.0.7680.165)
For documentation on this error, please visit: https://www.selenium.dev/documentation/webdriver/troubleshooting/errors#nosuchelementexception
Build info: version: '4.41.0', revision: '9fc754f'
System info: os.name: 'Windows 11', os.arch: 'amd64', os.version: '10.0', java.version: '21.0.10'
Driver info: org.openqa.selenium.chrome.ChromeDriver
Command: [db156c72bf511e7b384f99295cce704d, findElement {using=xpath, value=//a[contains(text(),'Logged in as')]}]
Capabilities {acceptInsecureCerts: false, browserName: chrome, browserVersion: 146.0.7680.165, chrome: {chromedriverVersion: 146.0.7680.165 (4b989da09e1..., userDataDir: C:\Users\Deepika\AppData\Lo...}, fedcm:accounts: true, goog:chromeOptions: {debuggerAddress: localhost:51273}, goog:processID: 11024, networkConnectionEnabled: false, pageLoadStrategy: normal, platformName: windows, proxy: Proxy(), se:cdp: ws://localhost:51273/devtoo..., se:cdpVersion: 146.0.7680.165, setWindowRect: true, strictFileInteractability: false, timeouts: {implicit: 0, pageLoad: 300000, script: 30000}, unhandledPromptBehavior: dismiss and notify, webauthn:extension:credBlob: true, webauthn:extension:largeBlob: true, webauthn:extension:minPinLength: true, webauthn:extension:prf: true, webauthn:virtualAuthenticators: true}
Session ID: db156c72bf511e7b384f99295cce704d]]>
            </message>
            <full-stacktrace>
              <![CDATA[org.openqa.selenium.NoSuchElementException: no such element: Unable to locate element: {"method":"xpath","selector":"//a[contains(text(),'Logged in as')]"}
  (Session info: chrome=146.0.7680.165)
For documentation on this error, please visit: https://www.selenium.dev/documentation/webdriver/troubleshooting/errors#nosuchelementexception
Build info: version: '4.41.0', revision: '9fc754f'
System info: os.name: 'Windows 11', os.arch: 'amd64', os.version: '10.0', java.version: '21.0.10'
Driver info: org.openqa.selenium.chrome.ChromeDriver
Command: [db156c72bf511e7b384f99295cce704d, findElement {using=xpath, value=//a[contains(text(),'Logged in as')]}]
Capabilities {acceptInsecureCerts: false, browserName: chrome, browserVersion: 146.0.7680.165, chrome: {chromedriverVersion: 146.0.7680.165 (4b989da09e1..., userDataDir: C:\Users\Deepika\AppData\Lo...}, fedcm:accounts: true, goog:chromeOptions: {debuggerAddress: localhost:51273}, goog:processID: 11024, networkConnectionEnabled: false, pageLoadStrategy: normal, platformName: windows, proxy: Proxy(), se:cdp: ws://localhost:51273/devtoo..., se:cdpVersion: 146.0.7680.165, setWindowRect: true, strictFileInteractability: false, timeouts: {implicit: 0, pageLoad: 300000, script: 30000}, unhandledPromptBehavior: dismiss and notify, webauthn:extension:credBlob: true, webauthn:extension:largeBlob: true, webauthn:extension:minPinLength: true, webauthn:extension:prf: true, webauthn:virtualAuthenticators: true}
Session ID: db156c72bf511e7b384f99295cce704d
at org.openqa.selenium.remote.ErrorCodec.decode(ErrorCodec.java:169)
at org.openqa.selenium.remote.codec.w3c.W3CHttpResponseCodec.decode(W3CHttpResponseCodec.java:142)
at org.openqa.selenium.remote.codec.w3c.W3CHttpResponseCodec.decode(W3CHttpResponseCodec.java:49)
at org.openqa.selenium.remote.HttpCommandExecutor.execute(HttpCommandExecutor.java:223)
at org.openqa.selenium.remote.service.DriverCommandExecutor.invokeExecute(DriverCommandExecutor.java:216)
at org.openqa.selenium.remote.service.DriverCommandExecutor.execute(DriverCommandExecutor.java:174)
at org.openqa.selenium.remote.RemoteWebDriver.execute(RemoteWebDriver.java:604)
at org.openqa.selenium.remote.ElementLocation$ElementFinder$2.findElement(ElementLocation.java:166)
at org.openqa.selenium.remote.ElementLocation.findElement(ElementLocation.java:60)
at org.openqa.selenium.remote.RemoteWebDriver.findElement(RemoteWebDriver.java:427)
at org.openqa.selenium.remote.RemoteWebDriver.findElement(RemoteWebDriver.java:421)
at com.srm.pages.LoginPage.isLoggedIn(LoginPage.java:45)
at com.srm.tests.LoginTest.loginTest(LoginTest.java:24)
at java.base/jdk.internal.reflect.DirectMethodHandleAccessor.invoke(DirectMethodHandleAccessor.java:103)
at java.base/java.lang.reflect.Method.invoke(Method.java:580)
at org.testng.internal.invokers.MethodInvocationHelper.invokeMethod(MethodInvocationHelper.java:141)
at org.testng.internal.invokers.TestInvoker.invokeMethod(TestInvoker.java:687)
at org.testng.internal.invokers.TestInvoker.invokeTestMethod(TestInvoker.java:230)
at org.testng.internal.invokers.MethodRunner.runInSequence(MethodRunner.java:63)
at org.testng.internal.invokers.TestInvoker$MethodInvocationAgent.invoke(TestInvoker.java:995)
at org.testng.internal.invokers.TestInvoker.invokeTestMethods(TestInvoker.java:203)
at org.testng.internal.invokers.TestMethodWorker.invokeTestMethods(TestMethodWorker.java:154)
at org.testng.internal.invokers.TestMethodWorker.run(TestMethodWorker.java:134)
at java.base/java.util.ArrayList.forEach(ArrayList.java:1596)
at org.testng.TestRunner.privateRun(TestRunner.java:741)
at org.testng.TestRunner.run(TestRunner.java:616)
at org.testng.SuiteRunner.runTest(SuiteRunner.java:421)
at org.testng.SuiteRunner.runSequentially(SuiteRunner.java:413)
at org.testng.SuiteRunner.privateRun(SuiteRunner.java:373)
at org.testng.SuiteRunner.run(SuiteRunner.java:312)
at org.testng.SuiteRunnerWorker.runSuite(SuiteRunnerWorker.java:52)
at org.testng.SuiteRunnerWorker.run(SuiteRunnerWorker.java:95)
at org.testng.TestNG.runSuitesSequentially(TestNG.java:1274)
at org.testng.TestNG.runSuitesLocally(TestNG.java:1208)
at org.testng.TestNG.runSuites(TestNG.java:1112)
at org.testng.TestNG.run(TestNG.java:1079)
at org.testng.remote.AbstractRemoteTestNG.run(AbstractRemoteTestNG.java:115)
at org.testng.remote.RemoteTestNG.initAndRun(RemoteTestNG.java:293)
at org.testng.remote.RemoteTestNG.main(RemoteTestNG.java:91)
]]>
            </full-stacktrace>
          </exception> <!-- org.openqa.selenium.NoSuchElementException -->
          <reporter-output>
          </reporter-output>
        </test-method> <!-- loginTest -->
        <test-method is-config="true" signature="tearDown()[pri:0, instance:com.srm.tests.LoginTest@49e5f737]" started-at="2026-03-31T00:02:05 IST" name="tearDown" finished-at="2026-03-31T00:02:05 IST" duration-ms="421" status="PASS">
          <reporter-output>
          </reporter-output>
        </test-method> <!-- tearDown -->
      </class> <!-- com.srm.tests.LoginTest -->
    </test> <!-- Login Test -->
    <test started-at="2026-03-31T00:02:05 IST" name="Products Test" finished-at="2026-03-31T00:02:31 IST" duration-ms="25857">
      <class name="com.srm.tests.ProductsTest">
        <test-method is-config="true" signature="setUp()[pri:0, instance:com.srm.tests.ProductsTest@e4487af]" started-at="2026-03-31T00:02:05 IST" name="setUp" finished-at="2026-03-31T00:02:13 IST" duration-ms="7370" status="PASS">
          <reporter-output>
          </reporter-output>
        </test-method> <!-- setUp -->
        <test-method signature="productsPageTest()[pri:0, instance:com.srm.tests.ProductsTest@e4487af]" started-at="2026-03-31T00:02:13 IST" name="productsPageTest" finished-at="2026-03-31T00:02:31 IST" duration-ms="17811" status="PASS">
          <reporter-output>
          </reporter-output>
        </test-method> <!-- productsPageTest -->
        <test-method is-config="true" signature="tearDown()[pri:0, instance:com.srm.tests.ProductsTest@e4487af]" started-at="2026-03-31T00:02:31 IST" name="tearDown" finished-at="2026-03-31T00:02:31 IST" duration-ms="488" status="PASS">
          <reporter-output>
          </reporter-output>
        </test-method> <!-- tearDown -->
      </class> <!-- com.srm.tests.ProductsTest -->
    </test> <!-- Products Test -->
    <test started-at="2026-03-31T00:02:31 IST" name="Checkout Flow Test" finished-at="2026-03-31T00:03:18 IST" duration-ms="46489">
      <class name="com.srm.tests.CheckoutFlowTest">
        <test-method is-config="true" signature="setUp()[pri:0, instance:com.srm.tests.CheckoutFlowTest@ed7f8b4]" started-at="2026-03-31T00:02:31 IST" name="setUp" finished-at="2026-03-31T00:02:39 IST" duration-ms="7745" status="PASS">
          <reporter-output>
          </reporter-output>
        </test-method> <!-- setUp -->
        <test-method signature="fullCheckoutFlow()[pri:0, instance:com.srm.tests.CheckoutFlowTest@ed7f8b4]" started-at="2026-03-31T00:02:39 IST" name="fullCheckoutFlow" finished-at="2026-03-31T00:03:17 IST" duration-ms="38087" status="PASS">
          <reporter-output>
          </reporter-output>
        </test-method> <!-- fullCheckoutFlow -->
        <test-method is-config="true" signature="tearDown()[pri:0, instance:com.srm.tests.CheckoutFlowTest@ed7f8b4]" started-at="2026-03-31T00:03:17 IST" name="tearDown" finished-at="2026-03-31T00:03:18 IST" duration-ms="499" status="PASS">
          <reporter-output>
          </reporter-output>
        </test-method> <!-- tearDown -->
      </class> <!-- com.srm.tests.CheckoutFlowTest -->
    </test> <!-- Checkout Flow Test -->
    <test started-at="2026-03-31T00:03:18 IST" name="Contact Us Test" finished-at="2026-03-31T00:03:47 IST" duration-ms="29376">
      <class name="com.srm.tests.ContactUs">
        <test-method is-config="true" signature="setUp()[pri:0, instance:com.srm.tests.ContactUs@77f80c04]" started-at="2026-03-31T00:03:18 IST" name="setUp" finished-at="2026-03-31T00:03:24 IST" duration-ms="6466" status="PASS">
          <reporter-output>
          </reporter-output>
        </test-method> <!-- setUp -->
        <test-method signature="contactFormTest()[pri:0, instance:com.srm.tests.ContactUs@77f80c04]" started-at="2026-03-31T00:03:24 IST" name="contactFormTest" finished-at="2026-03-31T00:03:46 IST" duration-ms="21924" status="PASS">
          <reporter-output>
          </reporter-output>
        </test-method> <!-- contactFormTest -->
        <test-method is-config="true" signature="tearDown()[pri:0, instance:com.srm.tests.ContactUs@77f80c04]" started-at="2026-03-31T00:03:47 IST" name="tearDown" finished-at="2026-03-31T00:03:47 IST" duration-ms="525" status="PASS">
          <reporter-output>
          </reporter-output>
        </test-method> <!-- tearDown -->
      </class> <!-- com.srm.tests.ContactUs -->
    </test> <!-- Contact Us Test -->
  </suite> <!-- AutomationExerciseSuite -->
</testng-results>
